<?xml version="1.0" encoding="UTF-8"?>
<!-- Generated by org.testng.reporters.JUnitReportReporter -->
<testsuite hostname="PC05" name="Testers.PropertyHandleTest" tests="3" failures="0" timestamp="4 May 2016 06:38:58 GMT" time="0.001" errors="0">
  <testcase name="testGetDbuser" time="0.001" classname="Testers.PropertyHandleTest"/>
  <testcase name="testGetUrl" time="0.000" classname="Testers.PropertyHandleTest"/>
  <testcase name="testGetPassword" time="0.000" classname="Testers.PropertyHandleTest"/>
</testsuite> <!-- Testers.PropertyHandleTest -->
